<html>
<head>
<title>TestNG:  Test</title>
<link href="../testng.css" rel="stylesheet" type="text/css" />
<link href="../my-testng.css" rel="stylesheet" type="text/css" />

<style type="text/css">
.log { display: none;} 
.stack-trace { display: none;} 
</style>
<script type="text/javascript">
<!--
function flip(e) {
  current = e.style.display;
  if (current == 'block') {
    e.style.display = 'none';
    return 0;
  }
  else {
    e.style.display = 'block';
    return 1;
  }
}

function toggleBox(szDivId, elem, msg1, msg2)
{
  var res = -1;  if (document.getElementById) {
    res = flip(document.getElementById(szDivId));
  }
  else if (document.all) {
    // this is the way old msie versions work
    res = flip(document.all[szDivId]);
  }
  if(elem) {
    if(res == 0) elem.innerHTML = msg1; else elem.innerHTML = msg2;
  }

}

function toggleAllBoxes() {
  if (document.getElementsByTagName) {
    d = document.getElementsByTagName('div');
    for (i = 0; i < d.length; i++) {
      if (d[i].className == 'log') {
        flip(d[i]);
      }
    }
  }
}

// -->
</script>

</head>
<body>
<h2 align='center'>Test</h2><table border='1' align="center">
<tr>
<td>Tests passed/Failed/Skipped:</td><td>5/8/0</td>
</tr><tr>
<td>Started on:</td><td>Sun Nov 21 21:16:51 IST 2021</td>
</tr>
<tr><td>Total time:</td><td>260 seconds (260144 ms)</td>
</tr><tr>
<td>Included groups:</td><td></td>
</tr><tr>
<td>Excluded groups:</td><td></td>
</tr>
</table><p/>
<small><i>(Hover the method name to see the test class name)</i></small><p/>
<table width='100%' border='1' class='invocation-failed'>
<tr><td colspan='4' align='center'><b>FAILED TESTS</b></td></tr>
<tr><td><b>Test method</b></td>
<td width="30%"><b>Exception</b></td>
<td width="10%"><b>Time (seconds)</b></td>
<td><b>Instance</b></td>
</tr>
<tr>
<td title='com.bdd.testrunner.TestRun.runScenario()'><b>runScenario</b><br>Test class: com.bdd.testrunner.TestRun<br>Test method: Runs Cucumber Scenarios<br>Parameters: "Validate pin code for invalid test data", "Optional[PinCode Validate for valid and invalid test case]"</td>
<td><div><pre>java.lang.NullPointerException
	at com.bdd.stepdefinition.Steps.close_the_browser(Steps.java:64)
	at ?.close the browser(file:///C:/Users/M1073102/Documents/Eclipse/BDDbigsmall/Features/PinCodeVald.feature:21)
</pre></div><a href='#' onClick='toggleBox("stack-trace-463678450", this, "Click to show all stack frames", "Click to hide stack frames")'>Click to show all stack frames</a>
<div class='stack-trace' id='stack-trace-463678450'><pre>java.lang.NullPointerException
	at com.bdd.stepdefinition.Steps.close_the_browser(Steps.java:64)
	at ?.close the browser(file:///C:/Users/M1073102/Documents/Eclipse/BDDbigsmall/Features/PinCodeVald.feature:21)
</pre></div></td>
<td>15</td>
<td>com.bdd.testrunner.TestRun@c44e3b25</td></tr>
<tr>
<td title='com.bdd.testrunner.TestRun.runScenario()'><b>runScenario</b><br>Test class: com.bdd.testrunner.TestRun<br>Test method: Runs Cucumber Scenarios<br>Parameters: "Validate pin code for invalid test data", "Optional[PinCode Validate for valid and invalid test case]"</td>
<td><div><pre>java.lang.NullPointerException
	at com.bdd.stepdefinition.Steps.close_the_browser(Steps.java:64)
	at ?.close the browser(file:///C:/Users/M1073102/Documents/Eclipse/BDDbigsmall/Features/PinCodeVald.feature:21)
</pre></div><a href='#' onClick='toggleBox("stack-trace-229800322", this, "Click to show all stack frames", "Click to hide stack frames")'>Click to show all stack frames</a>
<div class='stack-trace' id='stack-trace-229800322'><pre>java.lang.NullPointerException
	at com.bdd.stepdefinition.Steps.close_the_browser(Steps.java:64)
	at ?.close the browser(file:///C:/Users/M1073102/Documents/Eclipse/BDDbigsmall/Features/PinCodeVald.feature:21)
</pre></div></td>
<td>15</td>
<td>com.bdd.testrunner.TestRun@c44e3b25</td></tr>
<tr>
<td title='com.bdd.testrunner.TestRun.runScenario()'><b>runScenario</b><br>Test class: com.bdd.testrunner.TestRun<br>Test method: Runs Cucumber Scenarios<br>Parameters: "Validate pin code for valid test data", "Optional[PinCode Validate for valid and invalid test case]"</td>
<td><div><pre>java.lang.NullPointerException
	at com.bdd.stepdefinition.Steps.close_the_browser(Steps.java:64)
	at ?.close the browser(file:///C:/Users/M1073102/Documents/Eclipse/BDDbigsmall/Features/PinCodeVald.feature:9)
</pre></div><a href='#' onClick='toggleBox("stack-trace-531498684", this, "Click to show all stack frames", "Click to hide stack frames")'>Click to show all stack frames</a>
<div class='stack-trace' id='stack-trace-531498684'><pre>java.lang.NullPointerException
	at com.bdd.stepdefinition.Steps.close_the_browser(Steps.java:64)
	at ?.close the browser(file:///C:/Users/M1073102/Documents/Eclipse/BDDbigsmall/Features/PinCodeVald.feature:9)
</pre></div></td>
<td>13</td>
<td>com.bdd.testrunner.TestRun@c44e3b25</td></tr>
<tr>
<td title='com.bdd.testrunner.TestRun.runScenario()'><b>runScenario</b><br>Test class: com.bdd.testrunner.TestRun<br>Test method: Runs Cucumber Scenarios<br>Parameters: "Validate pin code for valid test data", "Optional[PinCode Validate for valid and invalid test case]"</td>
<td><div><pre>java.lang.NullPointerException
	at com.bdd.stepdefinition.Steps.close_the_browser(Steps.java:64)
	at ?.close the browser(file:///C:/Users/M1073102/Documents/Eclipse/BDDbigsmall/Features/PinCodeVald.feature:9)
</pre></div><a href='#' onClick='toggleBox("stack-trace-1906155417", this, "Click to show all stack frames", "Click to hide stack frames")'>Click to show all stack frames</a>
<div class='stack-trace' id='stack-trace-1906155417'><pre>java.lang.NullPointerException
	at com.bdd.stepdefinition.Steps.close_the_browser(Steps.java:64)
	at ?.close the browser(file:///C:/Users/M1073102/Documents/Eclipse/BDDbigsmall/Features/PinCodeVald.feature:9)
</pre></div></td>
<td>14</td>
<td>com.bdd.testrunner.TestRun@c44e3b25</td></tr>
<tr>
<td title='com.bdd.testrunner.TestRun.runScenario()'><b>runScenario</b><br>Test class: com.bdd.testrunner.TestRun<br>Test method: Runs Cucumber Scenarios<br>Parameters: "Adding product in wishlist and check final wishlisted", "Optional[Add mulitple product and checking the item in wishlist]"</td>
<td><div><pre>org.openqa.selenium.NoSuchElementException: no such element: Unable to locate element: {&quot;method&quot;:&quot;xpath&quot;,&quot;selector&quot;:&quot;(//div[@class=&apos;grid-product__title&apos;])[0]&quot;}
  (Session info: chrome=96.0.4664.45)
For documentation on this error, please visit: https://www.seleniumhq.org/exceptions/no_such_element.html
Build info: version: &apos;3.141.59&apos;, revision: &apos;e82be7d358&apos;, time: &apos;2018-11-14T08:17:03&apos;
System info: host: &apos;MT-31195791H&apos;, ip: &apos;192.168.1.41&apos;, os.name: &apos;Windows 10&apos;, os.arch: &apos;amd64&apos;, os.version: &apos;10.0&apos;, java.version: &apos;11.0.11&apos;
Driver info: org.openqa.selenium.chrome.ChromeDriver
Capabilities {acceptInsecureCerts: false, browserName: chrome, browserVersion: 96.0.4664.45, chrome: {chromedriverVersion: 96.0.4664.45 (76e4c1bb2ab46..., userDataDir: C:\Users\M1073102\AppData\L...}, goog:chromeOptions: {debuggerAddress: localhost:62279}, javascriptEnabled: true, networkConnectionEnabled: false, pageLoadStrategy: normal, platform: WINDOWS, platformName: WINDOWS, proxy: Proxy(), setWindowRect: true, strictFileInteractability: false, timeouts: {implicit: 0, pageLoad: 300000, script: 30000}, unhandledPromptBehavior: dismiss and notify, webauthn:extension:credBlob: true, webauthn:extension:largeBlob: true, webauthn:virtualAuthenticators: true}
Session ID: 2e46f37077a58575a7a4830b5f43b473
*** Element info: {Using=xpath, value=(//div[@class=&apos;grid-product__title&apos;])[0]}
	at org.openqa.selenium.remote.http.W3CHttpResponseCodec.createException(W3CHttpResponseCodec.java:187)
	at org.openqa.selenium.remote.http.W3CHttpResponseCodec.decode(W3CHttpResponseCodec.java:122)
	at org.openqa.selenium.remote.http.W3CHttpResponseCodec.decode(W3CHttpResponseCodec.java:49)
	at org.openqa.selenium.remote.HttpCommandExecutor.execute(HttpCommandExecutor.java:158)
	at org.openqa.selenium.remote.service.DriverCommandExecutor.execute(DriverCommandExecutor.java:83)
	at org.openqa.selenium.remote.RemoteWebDriver.execute(RemoteWebDriver.java:552)
	at org.openqa.selenium.remote.RemoteWebDriver.findElement(RemoteWebDriver.java:323)
	at org.openqa.selenium.remote.RemoteWebDriver.findElementByXPath(RemoteWebDriver.java:428)
	at org.openqa.selenium.By$ByXPath.findElement(By.java:353)
	at org.openqa.selenium.remote.RemoteWebDriver.findElement(RemoteWebDriver.java:315)
	at com.bdd.pageobject.WishListObject.wishListingItem(WishListObject.java:59)
	at com.bdd.stepdefinition.WishListSteps.add_product_in_wishlist(WishListSteps.java:27)
	at ?.Add 2 product in wishlist(file:///C:/Users/M1073102/Documents/Eclipse/BDDbigsmall/Features/WishList_TC.feature:6)
... Removed 4 stack frames</pre></div><a href='#' onClick='toggleBox("stack-trace-2083110944", this, "Click to show all stack frames", "Click to hide stack frames")'>Click to show all stack frames</a>
<div class='stack-trace' id='stack-trace-2083110944'><pre>org.openqa.selenium.NoSuchElementException: no such element: Unable to locate element: {&quot;method&quot;:&quot;xpath&quot;,&quot;selector&quot;:&quot;(//div[@class=&apos;grid-product__title&apos;])[0]&quot;}
  (Session info: chrome=96.0.4664.45)
For documentation on this error, please visit: https://www.seleniumhq.org/exceptions/no_such_element.html
Build info: version: &apos;3.141.59&apos;, revision: &apos;e82be7d358&apos;, time: &apos;2018-11-14T08:17:03&apos;
System info: host: &apos;MT-31195791H&apos;, ip: &apos;192.168.1.41&apos;, os.name: &apos;Windows 10&apos;, os.arch: &apos;amd64&apos;, os.version: &apos;10.0&apos;, java.version: &apos;11.0.11&apos;
Driver info: org.openqa.selenium.chrome.ChromeDriver
Capabilities {acceptInsecureCerts: false, browserName: chrome, browserVersion: 96.0.4664.45, chrome: {chromedriverVersion: 96.0.4664.45 (76e4c1bb2ab46..., userDataDir: C:\Users\M1073102\AppData\L...}, goog:chromeOptions: {debuggerAddress: localhost:62279}, javascriptEnabled: true, networkConnectionEnabled: false, pageLoadStrategy: normal, platform: WINDOWS, platformName: WINDOWS, proxy: Proxy(), setWindowRect: true, strictFileInteractability: false, timeouts: {implicit: 0, pageLoad: 300000, script: 30000}, unhandledPromptBehavior: dismiss and notify, webauthn:extension:credBlob: true, webauthn:extension:largeBlob: true, webauthn:virtualAuthenticators: true}
Session ID: 2e46f37077a58575a7a4830b5f43b473
*** Element info: {Using=xpath, value=(//div[@class=&apos;grid-product__title&apos;])[0]}
	at java.base/jdk.internal.reflect.NativeConstructorAccessorImpl.newInstance0(Native Method)
	at java.base/jdk.internal.reflect.NativeConstructorAccessorImpl.newInstance(NativeConstructorAccessorImpl.java:62)
	at java.base/jdk.internal.reflect.DelegatingConstructorAccessorImpl.newInstance(DelegatingConstructorAccessorImpl.java:45)
	at java.base/java.lang.reflect.Constructor.newInstance(Constructor.java:490)
	at org.openqa.selenium.remote.http.W3CHttpResponseCodec.createException(W3CHttpResponseCodec.java:187)
	at org.openqa.selenium.remote.http.W3CHttpResponseCodec.decode(W3CHttpResponseCodec.java:122)
	at org.openqa.selenium.remote.http.W3CHttpResponseCodec.decode(W3CHttpResponseCodec.java:49)
	at org.openqa.selenium.remote.HttpCommandExecutor.execute(HttpCommandExecutor.java:158)
	at org.openqa.selenium.remote.service.DriverCommandExecutor.execute(DriverCommandExecutor.java:83)
	at org.openqa.selenium.remote.RemoteWebDriver.execute(RemoteWebDriver.java:552)
	at org.openqa.selenium.remote.RemoteWebDriver.findElement(RemoteWebDriver.java:323)
	at org.openqa.selenium.remote.RemoteWebDriver.findElementByXPath(RemoteWebDriver.java:428)
	at org.openqa.selenium.By$ByXPath.findElement(By.java:353)
	at org.openqa.selenium.remote.RemoteWebDriver.findElement(RemoteWebDriver.java:315)
	at com.bdd.pageobject.WishListObject.wishListingItem(WishListObject.java:59)
	at com.bdd.stepdefinition.WishListSteps.add_product_in_wishlist(WishListSteps.java:27)
	at ?.Add 2 product in wishlist(file:///C:/Users/M1073102/Documents/Eclipse/BDDbigsmall/Features/WishList_TC.feature:6)
</pre></div></td>
<td>72</td>
<td>com.bdd.testrunner.TestRun@c44e3b25</td></tr>
<tr>
<td title='com.bdd.testrunner.TestRun.runScenario()'><b>runScenario</b><br>Test class: com.bdd.testrunner.TestRun<br>Test method: Runs Cucumber Scenarios<br>Parameters: "Validate Sign in with valid test data", "Optional[Sign in to the bigsmall account]"</td>
<td><div><pre>java.lang.NullPointerException
	at com.bdd.stepdefinition.Steps.close_the_browser(Steps.java:64)
	at ?.close the browser(file:///C:/Users/M1073102/Documents/Eclipse/BDDbigsmall/Features/SignIn.feature:8)
</pre></div><a href='#' onClick='toggleBox("stack-trace302421021", this, "Click to show all stack frames", "Click to hide stack frames")'>Click to show all stack frames</a>
<div class='stack-trace' id='stack-trace302421021'><pre>java.lang.NullPointerException
	at com.bdd.stepdefinition.Steps.close_the_browser(Steps.java:64)
	at ?.close the browser(file:///C:/Users/M1073102/Documents/Eclipse/BDDbigsmall/Features/SignIn.feature:8)
</pre></div></td>
<td>15</td>
<td>com.bdd.testrunner.TestRun@c44e3b25</td></tr>
<tr>
<td title='com.bdd.testrunner.TestRun.runScenario()'><b>runScenario</b><br>Test class: com.bdd.testrunner.TestRun<br>Test method: Runs Cucumber Scenarios<br>Parameters: "Validate Signin with invalid test data", "Optional[Sign in to the bigsmall account]"</td>
<td><div><pre>java.lang.NullPointerException
	at com.bdd.stepdefinition.Steps.close_the_browser(Steps.java:64)
	at ?.close the browser(file:///C:/Users/M1073102/Documents/Eclipse/BDDbigsmall/Features/SignIn.feature:15)
</pre></div><a href='#' onClick='toggleBox("stack-trace1944162714", this, "Click to show all stack frames", "Click to hide stack frames")'>Click to show all stack frames</a>
<div class='stack-trace' id='stack-trace1944162714'><pre>java.lang.NullPointerException
	at com.bdd.stepdefinition.Steps.close_the_browser(Steps.java:64)
	at ?.close the browser(file:///C:/Users/M1073102/Documents/Eclipse/BDDbigsmall/Features/SignIn.feature:15)
</pre></div></td>
<td>13</td>
<td>com.bdd.testrunner.TestRun@c44e3b25</td></tr>
<tr>
<td title='com.bdd.testrunner.TestRun.runScenario()'><b>runScenario</b><br>Test class: com.bdd.testrunner.TestRun<br>Test method: Runs Cucumber Scenarios<br>Parameters: "Validate Signin with invalid test data", "Optional[Sign in to the bigsmall account]"</td>
<td><div><pre>java.lang.NullPointerException
	at com.bdd.stepdefinition.Steps.close_the_browser(Steps.java:64)
	at ?.close the browser(file:///C:/Users/M1073102/Documents/Eclipse/BDDbigsmall/Features/SignIn.feature:15)
</pre></div><a href='#' onClick='toggleBox("stack-trace-1134768574", this, "Click to show all stack frames", "Click to hide stack frames")'>Click to show all stack frames</a>
<div class='stack-trace' id='stack-trace-1134768574'><pre>java.lang.NullPointerException
	at com.bdd.stepdefinition.Steps.close_the_browser(Steps.java:64)
	at ?.close the browser(file:///C:/Users/M1073102/Documents/Eclipse/BDDbigsmall/Features/SignIn.feature:15)
</pre></div></td>
<td>17</td>
<td>com.bdd.testrunner.TestRun@c44e3b25</td></tr>
</table><p>
<table width='100%' border='1' class='invocation-passed'>
<tr><td colspan='4' align='center'><b>PASSED TESTS</b></td></tr>
<tr><td><b>Test method</b></td>
<td width="30%"><b>Exception</b></td>
<td width="10%"><b>Time (seconds)</b></td>
<td><b>Instance</b></td>
</tr>
<tr>
<td title='com.bdd.testrunner.TestRun.runScenario()'><b>runScenario</b><br>Test class: com.bdd.testrunner.TestRun<br>Test method: Runs Cucumber Scenarios<br>Parameters: "Validate Filter Low to High", "Optional[Filter Validate]"</td>
<td></td>
<td>18</td>
<td>com.bdd.testrunner.TestRun@c44e3b25</td></tr>
<tr>
<td title='com.bdd.testrunner.TestRun.runScenario()'><b>runScenario</b><br>Test class: com.bdd.testrunner.TestRun<br>Test method: Runs Cucumber Scenarios<br>Parameters: "Is search page show similar product", "Optional[Search the item and check relevant product is display]"</td>
<td></td>
<td>13</td>
<td>com.bdd.testrunner.TestRun@c44e3b25</td></tr>
<tr>
<td title='com.bdd.testrunner.TestRun.runScenario()'><b>runScenario</b><br>Test class: com.bdd.testrunner.TestRun<br>Test method: Runs Cucumber Scenarios<br>Parameters: "Validate Filter High to Low", "Optional[Filter Validate]"</td>
<td></td>
<td>19</td>
<td>com.bdd.testrunner.TestRun@c44e3b25</td></tr>
<tr>
<td title='com.bdd.testrunner.TestRun.runScenario()'><b>runScenario</b><br>Test class: com.bdd.testrunner.TestRun<br>Test method: Runs Cucumber Scenarios<br>Parameters: "Title Validation of Shop Page", "Optional[Validate the shop category header title Validation]"</td>
<td></td>
<td>14</td>
<td>com.bdd.testrunner.TestRun@c44e3b25</td></tr>
<tr>
<td title='com.bdd.testrunner.TestRun.runScenario()'><b>runScenario</b><br>Test class: com.bdd.testrunner.TestRun<br>Test method: Runs Cucumber Scenarios<br>Parameters: "Adding Rs 500 of 2 Card", "Optional[Adding multiple Gift Card and checking the total]"</td>
<td></td>
<td>16</td>
<td>com.bdd.testrunner.TestRun@c44e3b25</td></tr>
</table><p>
</body>
</html>